2023-11-22T03:36:32.509386+0400 INFO Message to 6165565929 (kkk_05_kkk) delivered
2023-11-22T03:36:38.629388+0400 INFO Message to 6165565929 (kkk_05_kkk) delivered
2023-11-22T03:36:39.247708+0400 INFO Message to 6165565929 (kkk_05_kkk) delivered
2023-11-22T03:41:20.667761+0400 INFO Message to 6165565929 (kkk_05_kkk) delivered
2023-11-22T03:41:26.744878+0400 INFO Message to 6165565929 (kkk_05_kkk) delivered
2023-11-22T03:41:27.284469+0400 INFO Message to 6165565929 (kkk_05_kkk) delivered
2023-11-22T03:43:18.353547+0400 INFO Message to 6165565929 (kkk_05_kkk) delivered
2023-11-22T03:43:24.528775+0400 INFO Message to 6165565929 (kkk_05_kkk) delivered
2023-11-22T03:43:25.117771+0400 INFO Message to 6165565929 (kkk_05_kkk) delivered
2023-11-22T04:13:58.369880+0400 INFO Message to 616874149 (nuktotvoyidol) delivered
2023-11-22T04:14:04.480372+0400 INFO Message to 616874149 (nuktotvoyidol) delivered
2023-11-22T04:14:05.120853+0400 INFO Message to 616874149 (nuktotvoyidol) delivered
2023-11-22T04:14:42.430323+0400 INFO Message to 6165565929 (kkk_05_kkk) delivered
2023-11-22T04:14:48.438591+0400 INFO Message to 93372553 (BotFather) delivered
2023-11-22T04:14:55.448558+0400 INFO Message to 6165565929 (kkk_05_kkk) delivered
2023-11-22T04:14:55.522596+0400 INFO Message to 93372553 (BotFather) delivered
2023-11-22T04:14:55.588597+0400 INFO Message to 93372553 (BotFather) delivered
2023-11-22T04:15:03.606605+0400 INFO Message to 93372553 (BotFather) delivered
2023-11-22T04:15:04.636040+0400 INFO Message to 93372553 (BotFather) delivered
2023-11-22T04:15:22.650331+0400 INFO Message to 6165565929 (kkk_05_kkk) delivered
2023-11-22T04:15:28.819148+0400 INFO Message to 6165565929 (kkk_05_kkk) delivered
2023-11-22T04:15:29.362785+0400 INFO Message to 6165565929 (kkk_05_kkk) delivered
2023-11-22T04:15:55.366645+0400 INFO Message to 616874149 (nuktotvoyidol) delivered
2023-11-22T04:16:01.478859+0400 INFO Message to 616874149 (nuktotvoyidol) delivered
2023-11-22T04:16:02.146812+0400 INFO Message to 616874149 (nuktotvoyidol) delivered
2023-11-22T04:16:46.154420+0400 INFO Message to 616874149 (nuktotvoyidol) delivered
2023-11-22T04:16:52.257680+0400 INFO Message to 616874149 (nuktotvoyidol) delivered
2023-11-22T04:16:53.387561+0400 INFO Message to 616874149 (nuktotvoyidol) delivered
2023-11-22T04:16:59.487287+0400 INFO Message to 616874149 (nuktotvoyidol) delivered
2023-11-22T04:17:00.035547+0400 INFO Message to 616874149 (nuktotvoyidol) delivered
2023-11-22T04:17:00.514281+0400 INFO Message to 616874149 (nuktotvoyidol) delivered
2023-11-22T04:17:48.241681+0400 INFO Message to 6165565929 (kkk_05_kkk) delivered
2023-11-22T04:17:54.363557+0400 INFO Message to 6165565929 (kkk_05_kkk) delivered
2023-11-22T04:17:54.893751+0400 INFO Message to 6165565929 (kkk_05_kkk) delivered
2023-11-22T04:20:13.362140+0400 INFO Message to 616874149 (nuktotvoyidol) delivered
2023-11-22T04:20:19.478666+0400 INFO Message to 616874149 (nuktotvoyidol) delivered
2023-11-22T04:20:20.634656+0400 INFO Message to 616874149 (nuktotvoyidol) delivered
2023-11-22T04:20:26.759392+0400 INFO Message to 616874149 (nuktotvoyidol) delivered
2023-11-22T04:20:27.283942+0400 INFO Message to 616874149 (nuktotvoyidol) delivered
2023-11-22T04:20:27.749625+0400 INFO Message to 616874149 (nuktotvoyidol) delivered
2023-11-22T04:24:30.801490+0400 INFO Message to 616874149 (nuktotvoyidol) delivered
2023-11-22T04:24:31.963282+0400 INFO Message to 616874149 (nuktotvoyidol) delivered
2023-11-22T04:24:32.667948+0400 INFO Message to 616874149 (nuktotvoyidol) delivered
2023-11-22T04:24:38.608503+0400 INFO Message to 616874149 (nuktotvoyidol) delivered
2023-11-22T04:24:39.723377+0400 INFO Message to 616874149 (nuktotvoyidol) delivered
2023-11-22T04:24:40.873865+0400 INFO Message to 616874149 (nuktotvoyidol) delivered
2023-11-22T04:24:41.986700+0400 INFO Message to 616874149 (nuktotvoyidol) delivered
2023-11-22T04:24:42.336572+0400 INFO Message to 616874149 (nuktotvoyidol) delivered
2023-11-22T04:24:42.780808+0400 INFO Message to 616874149 (nuktotvoyidol) delivered
2023-11-22T04:25:07.614246+0400 INFO Message to 616874149 (nuktotvoyidol) delivered
2023-11-22T04:25:07.728087+0400 INFO Message to 616874149 (nuktotvoyidol) delivered
2023-11-22T04:25:08.348604+0400 INFO Message to 616874149 (nuktotvoyidol) delivered
2023-11-22T04:25:12.079955+0400 INFO Message to 616874149 (nuktotvoyidol) delivered
2023-11-22T04:25:12.227265+0400 INFO Message to 616874149 (nuktotvoyidol) delivered
2023-11-22T04:25:12.450275+0400 INFO Message to 616874149 (nuktotvoyidol) delivered
2023-11-22T04:25:12.641342+0400 INFO Message to 616874149 (nuktotvoyidol) delivered
2023-11-22T04:25:12.887755+0400 INFO Message to 616874149 (nuktotvoyidol) delivered
2023-11-22T04:25:13.345462+0400 INFO Message to 616874149 (nuktotvoyidol) delivered
2023-11-22T04:25:38.575729+0400 INFO Message to 616874149 (nuktotvoyidol) delivered
2023-11-22T04:25:39.672510+0400 INFO Message to 616874149 (nuktotvoyidol) delivered
2023-11-22T04:25:40.302167+0400 INFO Message to 616874149 (nuktotvoyidol) delivered
2023-11-22T04:25:47.763189+0400 INFO Message to 616874149 (nuktotvoyidol) delivered
2023-11-22T04:25:49.778737+0400 INFO Message to 616874149 (nuktotvoyidol) delivered
2023-11-22T04:25:49.866737+0400 INFO Message to 616874149 (nuktotvoyidol) delivered
2023-11-22T04:25:50.969803+0400 INFO Message to 616874149 (nuktotvoyidol) delivered
2023-11-22T04:25:51.232873+0400 INFO Message to 616874149 (nuktotvoyidol) delivered
2023-11-22T04:25:51.779805+0400 INFO Message to 616874149 (nuktotvoyidol) delivered
2023-11-22T04:38:24.775664+0400 INFO Message to 616874149 (nuktotvoyidol) delivered
2023-11-22T04:38:25.929219+0400 INFO Message to 616874149 (nuktotvoyidol) delivered
2023-11-22T04:38:26.643826+0400 INFO Message to 616874149 (nuktotvoyidol) delivered
2023-11-22T04:38:46.980694+0400 INFO Message to 616874149 (nuktotvoyidol) delivered
2023-11-22T04:38:50.078365+0400 INFO Message to 616874149 (nuktotvoyidol) delivered
2023-11-22T04:38:50.738921+0400 INFO Message to 616874149 (nuktotvoyidol) delivered
2023-11-22T04:39:01.949360+0400 INFO Message to 616874149 (nuktotvoyidol) delivered
2023-11-22T04:39:05.066712+0400 INFO Message to 616874149 (nuktotvoyidol) delivered
2023-11-22T04:39:05.745367+0400 INFO Message to 616874149 (nuktotvoyidol) delivered
2023-11-22T04:56:24.709370+0400 INFO Message to 616874149 (nuktotvoyidol) delivered
2023-11-22T04:56:27.833364+0400 INFO Message to 616874149 (nuktotvoyidol) delivered
2023-11-22T04:56:28.420513+0400 INFO Message to 616874149 (nuktotvoyidol) delivered
2023-11-22T05:01:11.169759+0400 INFO Message to 616874149 (nuktotvoyidol) delivered
2023-11-22T05:01:21.292928+0400 INFO Message to 616874149 (nuktotvoyidol) delivered
2023-11-22T05:01:21.888183+0400 INFO Message to 616874149 (nuktotvoyidol) delivered
2023-11-22T05:36:32.970274+0400 INFO Message to 616874149 (nuktotvoyidol) delivered
2023-11-22T05:36:38.138193+0400 INFO Message to 616874149 (nuktotvoyidol) delivered
2023-11-22T05:36:38.909329+0400 INFO Message to 616874149 (nuktotvoyidol) delivered
2023-11-22T05:37:56.777958+0400 INFO Message to 616874149 (nuktotvoyidol) delivered
2023-11-22T05:38:01.905168+0400 INFO Message to 616874149 (nuktotvoyidol) delivered
2023-11-22T05:38:02.655842+0400 INFO Message to 616874149 (nuktotvoyidol) delivered
2023-11-22T05:38:15.564192+0400 INFO Message to 616874149 (nuktotvoyidol) delivered
2023-11-22T05:38:20.696769+0400 INFO Message to 616874149 (nuktotvoyidol) delivered
2023-11-22T05:38:21.408191+0400 INFO Message to 616874149 (nuktotvoyidol) delivered
2023-11-22T05:39:34.227540+0400 INFO Message to 616874149 (nuktotvoyidol) delivered
2023-11-22T05:39:39.340195+0400 INFO Message to 616874149 (nuktotvoyidol) delivered
2023-11-22T05:39:40.018746+0400 INFO Message to 616874149 (nuktotvoyidol) delivered
2023-11-22T05:49:41.365750+0400 INFO Message to 616874149 (nuktotvoyidol) delivered
2023-11-22T05:49:46.477535+0400 INFO Message to 616874149 (nuktotvoyidol) delivered
2023-11-22T05:49:47.109084+0400 INFO Message to 616874149 (nuktotvoyidol) delivered
2023-11-22T05:49:50.959840+0400 INFO Message to 6165565929 (kkk_05_kkk) delivered
2023-11-22T05:49:56.038495+0400 INFO Message to 6165565929 (kkk_05_kkk) delivered
2023-11-22T05:49:56.728177+0400 INFO Message to 6165565929 (kkk_05_kkk) delivered
2023-11-22T05:50:33.866327+0400 INFO Message to 616874149 (nuktotvoyidol) delivered
2023-11-22T05:50:38.972760+0400 INFO Message to 616874149 (nuktotvoyidol) delivered
2023-11-22T05:50:39.571325+0400 INFO Message to 616874149 (nuktotvoyidol) delivered
2023-11-22T05:50:42.587578+0400 INFO Message to 6165565929 (kkk_05_kkk) delivered
2023-11-22T05:50:47.674695+0400 INFO Message to 6165565929 (kkk_05_kkk) delivered
2023-11-22T05:50:48.313674+0400 INFO Message to 6165565929 (kkk_05_kkk) delivered
2023-11-22T05:51:28.241941+0400 INFO Message to 616874149 (nuktotvoyidol) delivered
2023-11-22T05:51:33.364992+0400 INFO Message to 616874149 (nuktotvoyidol) delivered
2023-11-22T05:51:33.954984+0400 INFO Message to 616874149 (nuktotvoyidol) delivered
2023-11-22T05:53:10.981821+0400 INFO Message to 616874149 (nuktotvoyidol) delivered
2023-11-22T05:53:16.107861+0400 INFO Message to 616874149 (nuktotvoyidol) delivered
2023-11-22T05:53:16.673193+0400 INFO Message to 616874149 (nuktotvoyidol) delivered
2023-11-22T14:17:24.926728+0400 INFO Message to 616874149 (nuktotvoyidol) delivered
2023-11-22T14:17:30.170208+0400 INFO Message to 616874149 (nuktotvoyidol) delivered
2023-11-22T14:17:30.905140+0400 INFO Message to 616874149 (nuktotvoyidol) delivered
2023-11-22T14:21:56.097899+0400 INFO Message to 616874149 (nuktotvoyidol) delivered
2023-11-22T14:22:01.236988+0400 INFO Message to 616874149 (nuktotvoyidol) delivered
2023-11-22T14:22:01.965387+0400 INFO Message to 616874149 (nuktotvoyidol) delivered
2023-11-22T14:22:10.643503+0400 INFO Message to 616874149 (nuktotvoyidol) delivered
2023-11-22T14:22:15.830065+0400 INFO Message to 616874149 (nuktotvoyidol) delivered
2023-11-22T14:22:16.501353+0400 INFO Message to 616874149 (nuktotvoyidol) delivered
2023-11-22T14:27:43.462372+0400 INFO Message to 616874149 (nuktotvoyidol) delivered
2023-11-22T14:27:48.665542+0400 INFO Message to 616874149 (nuktotvoyidol) delivered
2023-11-22T14:27:49.435925+0400 INFO Message to 616874149 (nuktotvoyidol) delivered
2023-11-22T14:29:20.543222+0400 INFO Message to 616874149 (nuktotvoyidol) delivered
2023-11-22T14:29:25.667503+0400 INFO Message to 616874149 (nuktotvoyidol) delivered
2023-11-22T14:29:26.338194+0400 INFO Message to 616874149 (nuktotvoyidol) delivered
2023-11-22T14:31:39.721949+0400 INFO Message to 616874149 (nuktotvoyidol) delivered
2023-11-22T14:31:44.900542+0400 INFO Message to 616874149 (nuktotvoyidol) delivered
2023-11-22T14:31:45.678132+0400 INFO Message to 616874149 (nuktotvoyidol) delivered
2023-11-22T14:31:51.039051+0400 INFO Message to 616874149 (nuktotvoyidol) delivered
2023-11-22T14:32:00.077325+0400 INFO Message to 616874149 (nuktotvoyidol) delivered
2023-11-22T14:32:05.264000+0400 INFO Message to 616874149 (nuktotvoyidol) delivered
2023-11-22T14:32:05.983427+0400 INFO Message to 616874149 (nuktotvoyidol) delivered
2023-11-22T14:32:11.229169+0400 INFO Message to 616874149 (nuktotvoyidol) delivered
2023-11-22T14:32:11.940787+0400 INFO Message to 6165565929 (kkk_05_kkk) delivered
2023-11-22T14:32:17.023803+0400 INFO Message to 6165565929 (kkk_05_kkk) delivered
2023-11-22T14:32:17.633792+0400 INFO Message to 6165565929 (kkk_05_kkk) delivered
2023-11-22T14:32:22.941364+0400 INFO Message to 6165565929 (kkk_05_kkk) delivered
2023-11-22T14:32:36.661040+0400 INFO Message to 616874149 (nuktotvoyidol) delivered
2023-11-22T14:32:41.796625+0400 INFO Message to 616874149 (nuktotvoyidol) delivered
2023-11-22T14:32:42.456411+0400 INFO Message to 616874149 (nuktotvoyidol) delivered
2023-11-22T14:32:48.054132+0400 INFO Message to 616874149 (nuktotvoyidol) delivered
2023-11-22T14:32:48.173850+0400 INFO Message to 6165565929 (kkk_05_kkk) delivered
2023-11-22T14:32:53.370163+0400 INFO Message to 6165565929 (kkk_05_kkk) delivered
2023-11-22T14:32:54.004488+0400 INFO Message to 6165565929 (kkk_05_kkk) delivered
2023-11-22T14:32:59.445927+0400 INFO Message to 6165565929 (kkk_05_kkk) delivered
2023-11-22T14:33:53.537346+0400 INFO Message to 616874149 (nuktotvoyidol) delivered
2023-11-22T14:33:58.666496+0400 INFO Message to 616874149 (nuktotvoyidol) delivered
2023-11-22T14:33:59.298315+0400 INFO Message to 616874149 (nuktotvoyidol) delivered
2023-11-22T14:34:04.599483+0400 INFO Message to 616874149 (nuktotvoyidol) delivered
2023-11-22T14:34:13.416228+0400 INFO Message to 616874149 (nuktotvoyidol) delivered
2023-11-22T14:34:18.549148+0400 INFO Message to 616874149 (nuktotvoyidol) delivered
2023-11-22T14:34:19.195361+0400 INFO Message to 616874149 (nuktotvoyidol) delivered
2023-11-22T14:34:24.511675+0400 INFO Message to 616874149 (nuktotvoyidol) delivered
2023-11-22T14:34:25.566734+0400 INFO Message to 6165565929 (kkk_05_kkk) delivered
2023-11-22T14:34:29.685594+0400 INFO Message to 616874149 (nuktotvoyidol) delivered
2023-11-22T14:34:30.718617+0400 INFO Message to 6165565929 (kkk_05_kkk) delivered
2023-11-22T14:34:31.382831+0400 INFO Message to 6165565929 (kkk_05_kkk) delivered
2023-11-22T14:34:36.557837+0400 INFO Message to 616874149 (nuktotvoyidol) delivered
2023-11-22T14:34:36.688571+0400 INFO Message to 6165565929 (kkk_05_kkk) delivered
2023-11-22T14:34:37.233453+0400 INFO Message to 616874149 (nuktotvoyidol) delivered
2023-11-22T14:34:42.522936+0400 INFO Message to 616874149 (nuktotvoyidol) delivered
2023-11-22T14:34:43.636571+0400 INFO Message to 6165565929 (kkk_05_kkk) delivered
2023-11-22T14:34:48.711838+0400 INFO Message to 6165565929 (kkk_05_kkk) delivered
2023-11-22T14:34:49.273363+0400 INFO Message to 6165565929 (kkk_05_kkk) delivered
2023-11-22T14:34:54.625729+0400 INFO Message to 6165565929 (kkk_05_kkk) delivered
2023-11-22T14:37:22.246625+0400 INFO Message to 616874149 (nuktotvoyidol) delivered
2023-11-22T14:37:27.401406+0400 INFO Message to 616874149 (nuktotvoyidol) delivered
2023-11-22T14:37:28.178518+0400 INFO Message to 616874149 (nuktotvoyidol) delivered
2023-11-22T14:37:43.810244+0400 INFO Message to 616874149 (nuktotvoyidol) delivered
2023-11-22T14:37:44.740244+0400 INFO Message to 6165565929 (kkk_05_kkk) delivered
2023-11-22T14:37:49.876235+0400 INFO Message to 6165565929 (kkk_05_kkk) delivered
2023-11-22T14:37:50.494244+0400 INFO Message to 6165565929 (kkk_05_kkk) delivered
2023-11-22T14:38:05.827078+0400 INFO Message to 6165565929 (kkk_05_kkk) delivered
2023-11-22T14:39:14.188197+0400 INFO Message to 616874149 (nuktotvoyidol) delivered
2023-11-22T14:39:19.351585+0400 INFO Message to 616874149 (nuktotvoyidol) delivered
2023-11-22T14:39:20.006112+0400 INFO Message to 616874149 (nuktotvoyidol) delivered
2023-11-22T14:39:35.511275+0400 INFO Message to 616874149 (nuktotvoyidol) delivered
2023-11-22T14:41:41.448956+0400 INFO Message to 6457929464 (smthgotwrong) delivered
2023-11-22T14:41:46.674757+0400 INFO Message to 6457929464 (smthgotwrong) delivered
2023-11-22T14:41:47.796168+0400 INFO Message to 6457929464 (smthgotwrong) delivered
2023-11-22T14:42:03.107852+0400 INFO Message to 6457929464 (smthgotwrong) delivered
2023-11-22T14:42:39.164694+0400 INFO Message to 6457929464 (smthgotwrong) delivered
2023-11-22T14:42:44.293309+0400 INFO Message to 6457929464 (smthgotwrong) delivered
2023-11-22T14:42:44.986024+0400 INFO Message to 6457929464 (smthgotwrong) delivered
2023-11-22T14:43:00.377310+0400 INFO Message to 6457929464 (smthgotwrong) delivered
2023-11-22T14:43:01.465641+0400 INFO Message to 6165565929 (kkk_05_kkk) delivered
2023-11-22T14:43:06.603151+0400 INFO Message to 6165565929 (kkk_05_kkk) delivered
2023-11-22T14:43:07.287343+0400 INFO Message to 6165565929 (kkk_05_kkk) delivered
2023-11-22T14:43:22.723489+0400 INFO Message to 6165565929 (kkk_05_kkk) delivered
2023-11-22T14:46:30.362870+0400 INFO Message to 6457929464 (smthgotwrong) delivered
2023-11-22T14:46:35.543916+0400 INFO Message to 6457929464 (smthgotwrong) delivered
2023-11-22T14:46:36.277462+0400 INFO Message to 6457929464 (smthgotwrong) delivered
2023-11-22T14:46:51.612945+0400 INFO Message to 6457929464 (smthgotwrong) delivered
2023-11-22T14:47:51.294412+0400 INFO Message to 6457929464 (smthgotwrong) delivered
2023-11-22T14:47:56.425098+0400 INFO Message to 6457929464 (smthgotwrong) delivered
2023-11-22T14:47:57.094663+0400 INFO Message to 6457929464 (smthgotwrong) delivered
2023-11-22T14:48:12.558853+0400 INFO Message to 6457929464 (smthgotwrong) delivered
2023-11-22T14:49:47.809944+0400 INFO Message to 6457929464 (smthgotwrong) delivered
2023-11-22T14:49:52.949981+0400 INFO Message to 6457929464 (smthgotwrong) delivered
2023-11-22T14:49:53.584883+0400 INFO Message to 6457929464 (smthgotwrong) delivered
2023-11-22T14:50:08.927369+0400 INFO Message to 6457929464 (smthgotwrong) delivered
2023-11-22T14:50:13.933883+0400 INFO Message to 6457929464 (smthgotwrong) delivered
2023-11-22T14:50:19.083893+0400 INFO Message to 6457929464 (smthgotwrong) delivered
2023-11-22T14:50:19.735332+0400 INFO Message to 6457929464 (smthgotwrong) delivered
2023-11-22T14:52:39.026740+0400 INFO Message to 6044496722 (kwertini) delivered
2023-11-22T14:52:44.216236+0400 INFO Message to 6044496722 (kwertini) delivered
2023-11-22T14:52:44.895404+0400 INFO Message to 6044496722 (kwertini) delivered
2023-11-22T14:53:00.381588+0400 INFO Message to 6044496722 (kwertini) delivered
2023-11-22T14:54:00.598487+0400 INFO Message to 6044496722 (kwertini) delivered
2023-11-22T14:54:05.769973+0400 INFO Message to 6044496722 (kwertini) delivered
2023-11-22T14:54:06.405764+0400 INFO Message to 6044496722 (kwertini) delivered
2023-11-22T14:54:22.137334+0400 INFO Message to 6044496722 (kwertini) delivered
2023-11-22T14:55:20.154827+0400 INFO Message to 6044496722 (kwertini) delivered
2023-11-22T14:55:25.315287+0400 INFO Message to 6044496722 (kwertini) delivered
2023-11-22T14:55:26.044957+0400 INFO Message to 6044496722 (kwertini) delivered
2023-11-22T14:55:41.550116+0400 INFO Message to 6044496722 (kwertini) delivered
2023-11-22T14:56:20.832702+0400 INFO Message to 6044496722 (kwertini) delivered
2023-11-22T14:56:26.012178+0400 INFO Message to 6044496722 (kwertini) delivered
2023-11-22T14:56:26.734703+0400 INFO Message to 6044496722 (kwertini) delivered
2023-11-22T14:56:42.379582+0400 INFO Message to 6044496722 (kwertini) delivered
2023-11-22T14:57:24.556826+0400 INFO Message to 6044496722 (kwertini) delivered
2023-11-22T14:57:29.837460+0400 INFO Message to 6044496722 (kwertini) delivered
2023-11-22T14:57:30.513661+0400 INFO Message to 6044496722 (kwertini) delivered
2023-11-22T14:57:46.086979+0400 INFO Message to 6044496722 (kwertini) delivered
2023-11-22T14:59:57.776104+0400 INFO Message to 6044496722 (kwertini) delivered
2023-11-22T15:00:02.979216+0400 INFO Message to 6044496722 (kwertini) delivered
2023-11-22T15:00:03.703012+0400 INFO Message to 6044496722 (kwertini) delivered
2023-11-22T15:00:19.429899+0400 INFO Message to 6044496722 (kwertini) delivered
2023-11-22T15:01:24.011372+0400 INFO User 6044496722 (kwertini) registered
2023-11-22T15:01:24.013378+0400 INFO User 6044496722 registered
2023-11-22T15:01:25.141710+0400 INFO Message to 6044496722 (kwertini) delivered
2023-11-22T15:01:30.311611+0400 INFO Message to 6044496722 (kwertini) delivered
2023-11-22T15:01:31.082682+0400 INFO Message to 6044496722 (kwertini) delivered
2023-11-22T15:01:46.711276+0400 INFO Message to 6044496722 (kwertini) delivered
2023-11-22T15:03:01.986805+0400 INFO Message to 6044496722 (kwertini) delivered
2023-11-22T15:03:07.134907+0400 INFO Message to 6044496722 (kwertini) delivered
2023-11-22T15:03:07.984346+0400 INFO Message to 6044496722 (kwertini) delivered
2023-11-22T15:03:13.608521+0400 INFO Message to 6044496722 (kwertini) delivered
2023-11-22T15:11:27.424558+0400 INFO Message to 6044496722 (kwertini) delivered
2023-11-22T15:11:28.387748+0400 INFO Message to 6044496722 (kwertini) delivered
2023-11-22T15:11:32.585829+0400 INFO Message to 6044496722 (kwertini) delivered
2023-11-22T15:11:33.414480+0400 INFO Message to 6044496722 (kwertini) delivered
2023-11-22T15:11:33.521481+0400 INFO Message to 6044496722 (kwertini) delivered
2023-11-22T15:11:34.270489+0400 INFO Message to 6044496722 (kwertini) delivered
2023-11-22T15:11:38.877321+0400 INFO Message to 6044496722 (kwertini) delivered
2023-11-22T15:11:39.725951+0400 INFO Message to 6044496722 (kwertini) delivered
